<?xml version="1.0" encoding="UTF-8"?>
<robot generator="Robot 3.0.2 (Python 3.6.3 on win32)" generated="20180302 12:09:09.143">
<suite id="s1" name="Case" source="D:\Projects\GitLab\spicespiritUiAutoTest\case">
<suite id="s1-s1" name="Login" source="D:\Projects\GitLab\spicespiritUiAutoTest\case\login.robot">
<test id="s1-s1-t1" name="case_01">
<kw name="登陆验证">
<arguments>
<arg>wangyaxiong</arg>
<arg>1234qwer</arg>
<arg>欢迎来到综合管理系</arg>
</arguments>
<kw name="打开浏览器" library="登陆业务">
<kw name="Open Browser" library="Selenium2Library">
<doc>Opens a new browser instance to the given ``url``.</doc>
<arguments>
<arg>${ip}</arg>
<arg>chrome</arg>
</arguments>
<msg timestamp="20180302 12:09:09.289" level="INFO">Opening browser 'chrome' to base url 'http://test.spicespirit.com'.</msg>
<status status="PASS" starttime="20180302 12:09:09.289" endtime="20180302 12:09:13.319"></status>
</kw>
<status status="PASS" starttime="20180302 12:09:09.288" endtime="20180302 12:09:13.319"></status>
</kw>
<kw name="登陆" library="登陆业务">
<arguments>
<arg>${username}</arg>
<arg>${password}</arg>
</arguments>
<kw name="点击综合管理图标" library="登陆业务">
<kw name="Click Element" library="Selenium2Library">
<doc>Click element identified by ``locator``.</doc>
<arguments>
<arg>xpath=html/body/div[2]/ul/li[1]/a</arg>
</arguments>
<msg timestamp="20180302 12:09:13.322" level="INFO">Clicking element 'xpath=html/body/div[2]/ul/li[1]/a'.</msg>
<status status="PASS" starttime="20180302 12:09:13.322" endtime="20180302 12:09:13.598"></status>
</kw>
<status status="PASS" starttime="20180302 12:09:13.321" endtime="20180302 12:09:13.598"></status>
</kw>
<kw name="输入用户名" library="登陆业务">
<arguments>
<arg>${username}</arg>
</arguments>
<kw name="Input Text" library="Selenium2Library">
<doc>Types the given ``text`` into text field identified by ``locator``.</doc>
<arguments>
<arg>xpath=.//*[@id='nickname']</arg>
<arg>${username}</arg>
</arguments>
<msg timestamp="20180302 12:09:13.601" level="INFO">Typing text 'wangyaxiong' into text field 'xpath=.//*[@id='nickname']'.</msg>
<status status="PASS" starttime="20180302 12:09:13.600" endtime="20180302 12:09:13.734"></status>
</kw>
<status status="PASS" starttime="20180302 12:09:13.599" endtime="20180302 12:09:13.736"></status>
</kw>
<kw name="输入密码" library="登陆业务">
<arguments>
<arg>${password}</arg>
</arguments>
<kw name="Input Text" library="Selenium2Library">
<doc>Types the given ``text`` into text field identified by ``locator``.</doc>
<arguments>
<arg>xpath=.//*[@id='password']</arg>
<arg>${password}</arg>
</arguments>
<msg timestamp="20180302 12:09:13.739" level="INFO">Typing text '1234qwer' into text field 'xpath=.//*[@id='password']'.</msg>
<status status="PASS" starttime="20180302 12:09:13.738" endtime="20180302 12:09:13.832"></status>
</kw>
<status status="PASS" starttime="20180302 12:09:13.737" endtime="20180302 12:09:13.832"></status>
</kw>
<kw name="点击登陆按钮" library="登陆业务">
<kw name="Click Element" library="Selenium2Library">
<doc>Click element identified by ``locator``.</doc>
<arguments>
<arg>xpath=.//*[@id='login']</arg>
</arguments>
<msg timestamp="20180302 12:09:13.833" level="INFO">Clicking element 'xpath=.//*[@id='login']'.</msg>
<status status="PASS" starttime="20180302 12:09:13.833" endtime="20180302 12:09:13.897"></status>
</kw>
<status status="PASS" starttime="20180302 12:09:13.832" endtime="20180302 12:09:13.897"></status>
</kw>
<kw name="Maximize Browser Window" library="Selenium2Library">
<doc>Maximizes current browser window.</doc>
<status status="PASS" starttime="20180302 12:09:13.897" endtime="20180302 12:09:15.050"></status>
</kw>
<status status="PASS" starttime="20180302 12:09:13.320" endtime="20180302 12:09:15.050"></status>
</kw>
<kw name="Page Should Contain" library="Selenium2Library">
<doc>Verifies that current page contains ``text``.</doc>
<arguments>
<arg>${expect_field}</arg>
</arguments>
<msg timestamp="20180302 12:09:15.084" level="INFO">Current page contains text '欢迎来到综合管理系'.</msg>
<status status="PASS" starttime="20180302 12:09:15.050" endtime="20180302 12:09:15.085"></status>
</kw>
<kw name="Close Browser" library="Selenium2Library">
<doc>Closes the current browser.</doc>
<status status="PASS" starttime="20180302 12:09:15.086" endtime="20180302 12:09:18.273"></status>
</kw>
<status status="PASS" starttime="20180302 12:09:09.287" endtime="20180302 12:09:18.273"></status>
</kw>
<kw name="登陆验证">
<arguments>
<arg>wangyaxiong</arg>
<arg>1234qwer1</arg>
<arg>密码输入错误</arg>
</arguments>
<kw name="打开浏览器" library="登陆业务">
<kw name="Open Browser" library="Selenium2Library">
<doc>Opens a new browser instance to the given ``url``.</doc>
<arguments>
<arg>${ip}</arg>
<arg>chrome</arg>
</arguments>
<msg timestamp="20180302 12:09:18.277" level="INFO">Opening browser 'chrome' to base url 'http://test.spicespirit.com'.</msg>
<status status="PASS" starttime="20180302 12:09:18.276" endtime="20180302 12:09:22.344"></status>
</kw>
<status status="PASS" starttime="20180302 12:09:18.276" endtime="20180302 12:09:22.344"></status>
</kw>
<kw name="登陆" library="登陆业务">
<arguments>
<arg>${username}</arg>
<arg>${password}</arg>
</arguments>
<kw name="点击综合管理图标" library="登陆业务">
<kw name="Click Element" library="Selenium2Library">
<doc>Click element identified by ``locator``.</doc>
<arguments>
<arg>xpath=html/body/div[2]/ul/li[1]/a</arg>
</arguments>
<msg timestamp="20180302 12:09:22.346" level="INFO">Clicking element 'xpath=html/body/div[2]/ul/li[1]/a'.</msg>
<status status="PASS" starttime="20180302 12:09:22.346" endtime="20180302 12:09:22.617"></status>
</kw>
<status status="PASS" starttime="20180302 12:09:22.346" endtime="20180302 12:09:22.618"></status>
</kw>
<kw name="输入用户名" library="登陆业务">
<arguments>
<arg>${username}</arg>
</arguments>
<kw name="Input Text" library="Selenium2Library">
<doc>Types the given ``text`` into text field identified by ``locator``.</doc>
<arguments>
<arg>xpath=.//*[@id='nickname']</arg>
<arg>${username}</arg>
</arguments>
<msg timestamp="20180302 12:09:22.619" level="INFO">Typing text 'wangyaxiong' into text field 'xpath=.//*[@id='nickname']'.</msg>
<status status="PASS" starttime="20180302 12:09:22.618" endtime="20180302 12:09:22.755"></status>
</kw>
<status status="PASS" starttime="20180302 12:09:22.618" endtime="20180302 12:09:22.755"></status>
</kw>
<kw name="输入密码" library="登陆业务">
<arguments>
<arg>${password}</arg>
</arguments>
<kw name="Input Text" library="Selenium2Library">
<doc>Types the given ``text`` into text field identified by ``locator``.</doc>
<arguments>
<arg>xpath=.//*[@id='password']</arg>
<arg>${password}</arg>
</arguments>
<msg timestamp="20180302 12:09:22.756" level="INFO">Typing text '1234qwer1' into text field 'xpath=.//*[@id='password']'.</msg>
<status status="PASS" starttime="20180302 12:09:22.756" endtime="20180302 12:09:22.851"></status>
</kw>
<status status="PASS" starttime="20180302 12:09:22.756" endtime="20180302 12:09:22.852"></status>
</kw>
<kw name="点击登陆按钮" library="登陆业务">
<kw name="Click Element" library="Selenium2Library">
<doc>Click element identified by ``locator``.</doc>
<arguments>
<arg>xpath=.//*[@id='login']</arg>
</arguments>
<msg timestamp="20180302 12:09:22.853" level="INFO">Clicking element 'xpath=.//*[@id='login']'.</msg>
<status status="PASS" starttime="20180302 12:09:22.853" endtime="20180302 12:09:22.920"></status>
</kw>
<status status="PASS" starttime="20180302 12:09:22.852" endtime="20180302 12:09:22.920"></status>
</kw>
<kw name="Maximize Browser Window" library="Selenium2Library">
<doc>Maximizes current browser window.</doc>
<status status="PASS" starttime="20180302 12:09:22.921" endtime="20180302 12:09:24.062"></status>
</kw>
<status status="PASS" starttime="20180302 12:09:22.345" endtime="20180302 12:09:24.062"></status>
</kw>
<kw name="Page Should Contain" library="Selenium2Library">
<doc>Verifies that current page contains ``text``.</doc>
<arguments>
<arg>${expect_field}</arg>
</arguments>
<msg timestamp="20180302 12:09:24.092" level="INFO">Current page contains text '密码输入错误'.</msg>
<status status="PASS" starttime="20180302 12:09:24.062" endtime="20180302 12:09:24.092"></status>
</kw>
<kw name="Close Browser" library="Selenium2Library">
<doc>Closes the current browser.</doc>
<status status="PASS" starttime="20180302 12:09:24.092" endtime="20180302 12:09:27.270"></status>
</kw>
<status status="PASS" starttime="20180302 12:09:18.274" endtime="20180302 12:09:27.271"></status>
</kw>
<doc>登陆</doc>
<tags>
<tag>login</tag>
</tags>
<status status="PASS" starttime="20180302 12:09:09.287" endtime="20180302 12:09:27.272" critical="yes"></status>
</test>
<status status="PASS" starttime="20180302 12:09:09.167" endtime="20180302 12:09:27.276"></status>
</suite>
<suite id="s1-s2" name="Supply" source="D:\Projects\GitLab\spicespiritUiAutoTest\case\supply.robot">
<test id="s1-s2-t1" name="case_01">
<kw name="申购">
<arguments>
<arg>申购信息</arg>
</arguments>
<kw name="进入创建申购页面" library="申购业务">
<kw name="点击供应链管理系统" library="申购业务">
<kw name="Click Element" library="Selenium2Library">
<doc>Click element identified by ``locator``.</doc>
<arguments>
<arg>xpath=/html/body/div[2]/div[1]/ul/li[7]/a</arg>
</arguments>
<msg timestamp="20180302 12:09:27.306" level="INFO">Clicking element 'xpath=/html/body/div[2]/div[1]/ul/li[7]/a'.</msg>
<kw name="Capture Page Screenshot" library="Selenium2Library">
<doc>Takes screenshot of the current page and embeds it into log file.</doc>
<msg timestamp="20180302 12:09:27.307" level="INFO">Cannot capture screenshot because no browser is open.</msg>
<status status="PASS" starttime="20180302 12:09:27.306" endtime="20180302 12:09:27.307"></status>
</kw>
<msg timestamp="20180302 12:09:27.316" level="FAIL">No browser is open.</msg>
<status status="FAIL" starttime="20180302 12:09:27.305" endtime="20180302 12:09:27.316"></status>
</kw>
<status status="FAIL" starttime="20180302 12:09:27.304" endtime="20180302 12:09:27.317"></status>
</kw>
<status status="FAIL" starttime="20180302 12:09:27.303" endtime="20180302 12:09:27.317"></status>
</kw>
<status status="FAIL" starttime="20180302 12:09:27.302" endtime="20180302 12:09:27.317"></status>
</kw>
<doc>申购</doc>
<tags>
<tag>supply</tag>
</tags>
<status status="FAIL" starttime="20180302 12:09:27.300" endtime="20180302 12:09:27.319" critical="yes">No browser is open.</status>
</test>
<status status="FAIL" starttime="20180302 12:09:27.283" endtime="20180302 12:09:27.322"></status>
</suite>
<status status="FAIL" starttime="20180302 12:09:09.145" endtime="20180302 12:09:27.325"></status>
</suite>
<statistics>
<total>
<stat pass="1" fail="1">Critical Tests</stat>
<stat pass="1" fail="1">All Tests</stat>
</total>
<tag>
<stat pass="1" fail="0">login</stat>
<stat pass="0" fail="1">supply</stat>
</tag>
<suite>
<stat pass="1" fail="1" id="s1" name="Case">Case</stat>
<stat pass="1" fail="0" id="s1-s1" name="Login">Case.Login</stat>
<stat pass="0" fail="1" id="s1-s2" name="Supply">Case.Supply</stat>
</suite>
</statistics>
<errors>
</errors>
</robot>
